Exception at PC 0x00007FFAEB9C92FC
Exception at PC 0x00007FFAEB9C92FC
Exception at PC 0x00007FFAEB9C92FC
Exception at PC 0x00007FFAEB9C92FC
Exception at PC 0x00007FFA632DE132
Attemped to write at address 0x00007FFAAD574AA4
Printing stacktrace...

[0]  [0x00007FFA632DE132]
[1]  [0x00007FFA632DE132]
[2]  [0x00007FFA632DE194]
[3]  [0x00007FFA62F2D0D7]
[4]  [0x00007FFA62E12BCA]
[5]  [0x00007FFA62E12FD1]
[6]  [0x00007FFA632DEB2F]
[7]  [0x00007FFA6319C19D]
[8]  [0x00007FFA63195942]
[9]  [0x00007FFA63195AB5]
[10] (RtlActivateActivationContextUnsafeFast+0x114) [0x00007FFAEE4CC114]
[11] (LdrShutdownProcess+0x142) [0x00007FFAEE4CB522]
[12] (RtlExitUserProcess+0x98) [0x00007FFAEE4C8538]
[13] (FatalExit+0xa) [0x00007FFAEE37516A]
[14] (exit+0x25) [0x00007FFAEBE571D5]
[15] (flushall+0x22f) [0x00007FFAEBE56E6F]
[16]  [0x00000000004014CD]
[17]  [0x000000000040151B]
[18] (BaseThreadInitThunk+0x22) [0x00007FFAEE3713D2]
[19] (RtlUserThreadStart+0x34) [0x00007FFAEE4C54F4]
Done
